<?xml version="1.0" encoding="UTF-8"?>
<!-- Generated by org.testng.reporters.JUnitReportReporter -->
<testsuite hostname="TYSS-Sharoon" failures="0" tests="1" name="testScripts.TC_E2E_03" time="35.915" errors="0" timestamp="2023-05-29T05:17:12 IST" skipped="0">
  <testcase classname="testScripts.TC_E2E_03" name="testScripts" time="35.915"/>
  <system-out>
Homescreen is displayed Cart Screen is displayed The Product is removed successfully and Your cart is empty message is displayed  </system-out>
</testsuite> <!-- testScripts.TC_E2E_03 -->
