<?xml version="1.0" encoding="UTF-8"?>
<!-- Generated by org.testng.reporters.JUnitReportReporter -->
<testsuite hostname="TYSS-Sharoon" failures="0" tests="1" name="testScripts.TC_E2E_11" time="26.386" errors="0" timestamp="2023-05-28T08:42:16 IST" skipped="0">
  <testcase classname="testScripts.TC_E2E_11" name="testScripts" time="26.386"/>
  <system-out/>
</testsuite> <!-- testScripts.TC_E2E_11 -->
