<?xml version="1.0" encoding="UTF-8"?>
<!-- Generated by org.testng.reporters.JUnitReportReporter -->
<testsuite hostname="TYSS-Sharoon" failures="0" tests="1" name="testScripts.TC_E2E_05" time="73.331" errors="0" timestamp="2023-05-29T06:23:37 IST" skipped="0">
  <testcase classname="testScripts.TC_E2E_05" name="testScripts" time="73.331"/>
  <system-out>
Home page is displayed The account setting menu is Displayed My Profile screen is displayed My Address page is displayed Edit Address Screen is displayed Updated Successfully  </system-out>
</testsuite> <!-- testScripts.TC_E2E_05 -->
