<?xml version="1.0" encoding="UTF-8"?>
<!-- Generated by org.testng.reporters.JUnitReportReporter -->
<testsuite hostname="TYSS-Sharoon" failures="0" tests="1" name="testScripts.TC_E2E_21" time="52.712" errors="0" timestamp="2023-05-28T16:20:00 IST" skipped="0">
  <testcase classname="testScripts.TC_E2E_21" name="testScripts" time="52.712"/>
  <system-out>
WishListed product is displayed  </system-out>
</testsuite> <!-- testScripts.TC_E2E_21 -->
