<?xml version="1.0" encoding="UTF-8"?>
<!-- Generated by org.testng.reporters.JUnitReportReporter -->
<testsuite hostname="TYSS-Sharoon" failures="0" tests="1" name="testScripts.TC_E2E_04" time="61.538" errors="0" timestamp="2023-05-29T05:49:12 IST" skipped="0">
  <testcase classname="testScripts.TC_E2E_04" name="testScripts" time="61.538"/>
  <system-out>
Home screen is displayed Account Settings Menu is displayed My Profile Screen is displayed My address screen is displayed The address form page is displayed  </system-out>
</testsuite> <!-- testScripts.TC_E2E_04 -->
