<?xml version="1.0" encoding="UTF-8"?>
<!-- Generated by org.testng.reporters.JUnitReportReporter -->
<testsuite hostname="TYSS-Sharoon" failures="0" tests="1" name="testScripts.TC_E2E_08" time="74.347" errors="0" timestamp="2023-05-28T21:53:27 IST" skipped="0">
  <testcase classname="testScripts.TC_E2E_08" name="testScripts" time="74.347"/>
  <system-out/>
</testsuite> <!-- testScripts.TC_E2E_08 -->
