<?xml version="1.0" encoding="UTF-8"?>
<!-- Generated by org.testng.reporters.JUnitReportReporter -->
<testsuite hostname="TYSS-Sharoon" failures="0" tests="1" name="testScripts.TC_E2E_13" time="102.189" errors="0" timestamp="2023-05-28T13:46:18 IST" skipped="0">
  <testcase classname="testScripts.TC_E2E_13" name="testScripts" time="102.189"/>
  <system-out/>
</testsuite> <!-- testScripts.TC_E2E_13 -->
