<?xml version="1.0" encoding="UTF-8"?>
<!-- Generated by org.testng.reporters.JUnitReportReporter -->
<testsuite hostname="TYSS-Sharoon" failures="0" tests="1" name="testScripts.TC_E2E_17" time="66.606" errors="0" timestamp="2023-05-28T14:27:39 IST" skipped="0">
  <testcase classname="testScripts.TC_E2E_17" name="testScripts" time="66.606"/>
  <system-out/>
</testsuite> <!-- testScripts.TC_E2E_17 -->
