<?xml version="1.0" encoding="UTF-8"?>
<!-- Generated by org.testng.reporters.JUnitReportReporter -->
<testsuite hostname="TYSS-Sharoon" failures="0" tests="1" name="testScripts.TC_E2E_01" time="61.881" errors="0" timestamp="2023-05-29T04:29:38 IST" skipped="0">
  <testcase classname="testScripts.TC_E2E_01" name="testCase" time="61.881"/>
  <system-out>
Home screen is displayed Mens Category screen is displayed Add to cart button is changed to Added Navigated to cart screen Product is added to cart and the same product has been displayed in cart  </system-out>
</testsuite> <!-- testScripts.TC_E2E_01 -->
