<?xml version="1.0" encoding="UTF-8"?>
<!-- Generated by org.testng.reporters.JUnitReportReporter -->
<testsuite hostname="TYSS-Sharoon" failures="0" tests="1" name="testScripts.TC_E2E_02" time="71.876" errors="0" timestamp="2023-05-29T05:02:25 IST" skipped="0">
  <testcase classname="testScripts.TC_E2E_02" name="testScript" time="71.876"/>
  <system-out>
Home screen is displayed Add to cart has been changed to Added Cart Screen is displayed Address screen is displayed Payment method screen is displayed Order confirmation screen is displayed   </system-out>
</testsuite> <!-- testScripts.TC_E2E_02 -->
