<?xml version="1.0" encoding="UTF-8"?>
<!-- Generated by org.testng.reporters.JUnitReportReporter -->
<testsuite hostname="TYSS-Sharoon" failures="0" tests="1" name="testScripts.TC_E2E_06" time="82.481" errors="0" timestamp="2023-05-29T07:12:07 IST" skipped="0">
  <testcase classname="testScripts.TC_E2E_06" name="testScripts" time="82.481"/>
  <system-out>
The home screen is displayed The Account settings Options are displayed  My profile screen is displayed Edit profile pop is displayed First Name is entered Last Name is entered Date of Birth is Enterd Phone Number is entered Country is selected State is selected City is selected Alert Pop up is displayed The account setting menu is displayed The user was logged out successfully   </system-out>
</testsuite> <!-- testScripts.TC_E2E_06 -->
