<?xml version="1.0" encoding="UTF-8"?>
<!-- Generated by org.testng.reporters.JUnitReportReporter -->
<testsuite hostname="TYSS-Sharoon" failures="0" tests="1" name="testScripts.TC_E2E_29" time="76.441" errors="0" timestamp="2023-05-28T18:29:00 IST" skipped="0">
  <testcase classname="testScripts.TC_E2E_29" name="testScripts" time="76.441"/>
  <system-out/>
</testsuite> <!-- testScripts.TC_E2E_29 -->
