<?xml version="1.0" encoding="UTF-8"?>
<!-- Generated by org.testng.reporters.JUnitReportReporter -->
<testsuite hostname="TYSS-Sharoon" failures="0" tests="1" name="basicProgramsOnAppium.Launch" time="59.996" errors="0" timestamp="2023-05-27T18:41:37 IST" skipped="0">
  <testcase classname="basicProgramsOnAppium.Launch" name="run" time="59.996"/>
  <system-out/>
</testsuite> <!-- basicProgramsOnAppium.Launch -->
